<testsuites id="" name="" tests="2" failures="0" skipped="0" errors="0" time="49.325779000000004">
<testsuite name="research-page.spec.ts" timestamp="2025-07-07T02:18:49.566Z" hostname="chromium" tests="1" failures="0" skipped="0" time="22.645" errors="0">
<testcase name="Research Page Test › should search for AAPL and view company overview" classname="research-page.spec.ts" time="22.645">
<system-out>
<![CDATA[=== Starting Research Page Test ===
Test URL: http://localhost:3000
Test Email: 3200163@proton.me
Step 1: Navigating to application...
Screenshot saved: research-01-initial.png
Step 2: Navigating to auth page...
Screenshot saved: research-02-auth.png
Step 3: Filling login form...
Looking for email input...
Email filled
Looking for password input...
Password filled
Screenshot saved: research-03-form-filled.png
Step 4: Submitting login form...
Waiting for navigation after login...
Successfully navigated to dashboard
Screenshot saved: research-04-dashboard.png
Step 5: Navigating to Research page...
Trying selector: a[href="/research"]
Found research link with selector: a[href="/research"]
Waiting for research page to load...
Screenshot saved: research-06-research-page.png
Step 6: Searching for AAPL...
Trying search selector: input[placeholder*="Search"]
Found search input with selector: input[placeholder*="Search"]
Typed AAPL in search input
Screenshot saved: research-07-search-typed.png
Looking for AAPL suggestion...
Found AAPL suggestion with selector: text=AAPL
Waiting for stock data to load...
Screenshot saved: research-09-search-results.png
Step 7: Looking for company overview...
Found overview tab with selector: text=Overview
Looking for company information...
Screenshot saved: research-10-final.png

=== Page Content Debug Info ===
Page title: FinSoft Portfolio-Tracker
Current URL: http://localhost:3000/research?ticker=AAPL&tab=overview

Visible text on page (first 500 chars):
FinSoft
Dashboard
Analytics
Portfolio
Transactions
Research
Tools
Community
3

3200163@proton.me

Authenticated

Sign out
Search...
⌘K
Add
Welcome, 3200163@proton.me
Stock Research
AAPL
AAPL
Add to Watchlist
Overview
Financials
Dividends
News
Notes
Compare

No overview data available for AAPL

=== Checking for errors ===

=== Test Summary ===
Research page loaded: [33mtrue[39m
Search performed: [33mtrue[39m
Overview found: [33mtrue[39m
Company info found: [33mfalse[39m
]]>
</system-out>
</testcase>
</testsuite>
<testsuite name="research-page.spec.ts" timestamp="2025-07-07T02:18:49.566Z" hostname="Google Chrome" tests="1" failures="0" skipped="0" time="19.612" errors="0">
<testcase name="Research Page Test › should search for AAPL and view company overview" classname="research-page.spec.ts" time="19.612">
<system-out>
<![CDATA[=== Starting Research Page Test ===
Test URL: http://localhost:3000
Test Email: 3200163@proton.me
Step 1: Navigating to application...
Screenshot saved: research-01-initial.png
Step 2: Navigating to auth page...
Screenshot saved: research-02-auth.png
Step 3: Filling login form...
Looking for email input...
Email filled
Looking for password input...
Password filled
Screenshot saved: research-03-form-filled.png
Step 4: Submitting login form...
Waiting for navigation after login...
Successfully navigated to dashboard
Screenshot saved: research-04-dashboard.png
Step 5: Navigating to Research page...
Trying selector: a[href="/research"]
Found research link with selector: a[href="/research"]
Waiting for research page to load...
Screenshot saved: research-06-research-page.png
Step 6: Searching for AAPL...
Trying search selector: input[placeholder*="Search"]
Found search input with selector: input[placeholder*="Search"]
Typed AAPL in search input
Screenshot saved: research-07-search-typed.png
Looking for AAPL suggestion...
Found AAPL suggestion with selector: text=AAPL
Waiting for stock data to load...
Screenshot saved: research-09-search-results.png
Step 7: Looking for company overview...
Found overview tab with selector: text=Overview
Looking for company information...
Screenshot saved: research-10-final.png

=== Page Content Debug Info ===
Page title: FinSoft Portfolio-Tracker
Current URL: http://localhost:3000/research?ticker=AAPL&tab=overview

Visible text on page (first 500 chars):
FinSoft
Dashboard
Analytics
Portfolio
Transactions
Research
Tools
Community
3

3200163@proton.me

Authenticated

Sign out
Search...
⌘K
Add
Welcome, 3200163@proton.me
Stock Research
AAPL
AAPL
Add to Watchlist
Overview
Financials
Dividends
News
Notes
Compare

No overview data available for AAPL

=== Checking for errors ===

=== Test Summary ===
Research page loaded: [33mtrue[39m
Search performed: [33mtrue[39m
Overview found: [33mtrue[39m
Company info found: [33mfalse[39m
]]>
</system-out>
</testcase>
</testsuite>
</testsuites>