<testsuites id="" name="" tests="2" failures="2" skipped="0" errors="0" time="100.858268">
<testsuite name="research-tabs-debug.spec.ts" timestamp="2025-07-05T09:03:24.444Z" hostname="chromium" tests="1" failures="1" skipped="0" time="59.57" errors="0">
<testcase name="Research Page Tabs Debug E2E › Login, search AAPL, view all research tabs with debug" classname="research-tabs-debug.spec.ts" time="59.57">
<failure message="research-tabs-debug.spec.ts:9:7 Login, search AAPL, view all research tabs with debug" type="FAILURE">
<![CDATA[  [chromium] › research-tabs-debug.spec.ts:9:7 › Research Page Tabs Debug E2E › Login, search AAPL, view all research tabs with debug 

    Error: Timed out 10000ms waiting for expect(locator).toBeVisible()

    Locator: locator('input[placeholder*="Search"], input[type="search"]')
    Expected: visible
    Received: <element(s) not found>
    Call log:
      - Expect "toBeVisible" with timeout 10000ms
      - waiting for locator('input[placeholder*="Search"], input[type="search"]')


      39 |     console.log(`🔍 Typing "${TICKER}" in search bar...`);
      40 |     const searchInput = page.locator('input[placeholder*="Search"], input[type="search"]');
    > 41 |     await expect(searchInput).toBeVisible();
         |                               ^
      42 |     await searchInput.fill(TICKER);
      43 |     await page.waitForTimeout(1000); // Wait for results to appear
      44 |     await page.screenshot({ path: 'test-results/research-05-search-filled.png', fullPage: true });
        at C:\Users\mike2\Documents\portfolio-tracker\e2e_test_suite\tests\research-tabs-debug.spec.ts:41:31

    attachment #1: screenshot (image/png) ──────────────────────────────────────────────────────────
    test-results\artifacts\research-tabs-debug-Resear-8980d-ll-research-tabs-with-debug-chromium\test-failed-1.png
    ────────────────────────────────────────────────────────────────────────────────────────────────

    attachment #2: video (video/webm) ──────────────────────────────────────────────────────────────
    test-results\artifacts\research-tabs-debug-Resear-8980d-ll-research-tabs-with-debug-chromium\video.webm
    ────────────────────────────────────────────────────────────────────────────────────────────────

    Error Context: ..\test-results\artifacts\research-tabs-debug-Resear-8980d-ll-research-tabs-with-debug-chromium\error-context.md

    Retry #1 ───────────────────────────────────────────────────────────────────────────────────────

    TimeoutError: page.fill: Timeout 15000ms exceeded.
    Call log:
      - waiting for locator('input[type="email"]')


      22 |     await page.screenshot({ path: 'test-results/research-01-auth.png', fullPage: true });
      23 |
    > 24 |     await page.fill('input[type="email"]', EMAIL);
         |                ^
      25 |     await page.fill('input[type="password"]', PASSWORD);
      26 |     await page.screenshot({ path: 'test-results/research-02-login-filled.png', fullPage: true });
      27 |     await page.click('button[type="submit"]');
        at C:\Users\mike2\Documents\portfolio-tracker\e2e_test_suite\tests\research-tabs-debug.spec.ts:24:16

    attachment #1: screenshot (image/png) ──────────────────────────────────────────────────────────
    test-results\artifacts\research-tabs-debug-Resear-8980d-ll-research-tabs-with-debug-chromium-retry1\test-failed-1.png
    ────────────────────────────────────────────────────────────────────────────────────────────────

    attachment #2: video (video/webm) ──────────────────────────────────────────────────────────────
    test-results\artifacts\research-tabs-debug-Resear-8980d-ll-research-tabs-with-debug-chromium-retry1\video.webm
    ────────────────────────────────────────────────────────────────────────────────────────────────

    Error Context: ..\test-results\artifacts\research-tabs-debug-Resear-8980d-ll-research-tabs-with-debug-chromium-retry1\error-context.md

    attachment #4: trace (application/zip) ─────────────────────────────────────────────────────────
    test-results\artifacts\research-tabs-debug-Resear-8980d-ll-research-tabs-with-debug-chromium-retry1\trace.zip
    Usage:

        npx playwright show-trace test-results\artifacts\research-tabs-debug-Resear-8980d-ll-research-tabs-with-debug-chromium-retry1\trace.zip

    ────────────────────────────────────────────────────────────────────────────────────────────────
]]>
</failure>
<system-out>
<![CDATA[🚀 Navigating to /auth...
🌐 [BROWSER INFO]: %cDownload the React DevTools for a better development experience: https://react.dev/link/react-devtools font-weight:bold
🌐 [BROWSER LOG]: %c%s%c [DEBUG_MODULE] 🔧 patchConsole called background: #e6e6e6;background: light-dark(rgba(0,0,0,0.1), rgba(255,255,255,0.25));color: #000000;color: light-dark(#000000, #ffffff);border-radius: 2px  Server  
🌐 [BROWSER LOG]: %c%s%c [DEBUG_MODULE] 🔊 Development mode, console logging active background: #e6e6e6;background: light-dark(rgba(0,0,0,0.1), rgba(255,255,255,0.25));color: #000000;color: light-dark(#000000, #ffffff);border-radius: 2px  Server  
🌐 [BROWSER LOG]: [AUTH-DEBUG] [2025-07-05T09:03:32.769Z] [page:render] {
  "isSignUp": false,
  "email": "empty",
  "loading": false
}
🌐 [BROWSER LOG]: [AUTH-DEBUG] [2025-07-05T09:03:32.771Z] [page:render] {
  "isSignUp": false,
  "email": "empty",
  "loading": false
}
🌐 [BROWSER LOG]: [AUTH-DEBUG] [2025-07-05T09:03:33.216Z] [input:email:change] {
  "value": "3200163@proton.me"
}
🌐 [BROWSER LOG]: [AUTH-DEBUG] [2025-07-05T09:03:33.218Z] [page:render] {
  "isSignUp": false,
  "email": "***filled***",
  "loading": false
}
🌐 [BROWSER LOG]: [AUTH-DEBUG] [2025-07-05T09:03:33.219Z] [page:render] {
  "isSignUp": false,
  "email": "***filled***",
  "loading": false
}
🌐 [BROWSER LOG]: [AUTH-DEBUG] [2025-07-05T09:03:33.251Z] [input:password:change] {
  "length": 8
}
🌐 [BROWSER LOG]: [AUTH-DEBUG] [2025-07-05T09:03:33.251Z] [page:render] {
  "isSignUp": false,
  "email": "***filled***",
  "loading": false
}
🌐 [BROWSER LOG]: [AUTH-DEBUG] [2025-07-05T09:03:33.252Z] [page:render] {
  "isSignUp": false,
  "email": "***filled***",
  "loading": false
}
🌐 [BROWSER LOG]: [AUTH-DEBUG] [2025-07-05T09:03:33.392Z] [form:submit:start] {
  "isSignUp": false,
  "email": "3200163@proton.me",
  "passwordLength": 8,
  "fullName": "N/A"
}
🌐 [BROWSER LOG]: [AUTH-DEBUG] [2025-07-05T09:03:33.392Z] [signin:api:calling] {
  "email": "3200163@proton.me"
}
🌐 [BROWSER LOG]: [AUTH-DEBUG] [2025-07-05T09:03:33.395Z] [page:render] {
  "isSignUp": false,
  "email": "***filled***",
  "loading": true
}
🌐 [BROWSER LOG]: [AUTH-DEBUG] [2025-07-05T09:03:33.396Z] [page:render] {
  "isSignUp": false,
  "email": "***filled***",
  "loading": true
}
🌐 [BROWSER LOG]: [AUTH-DEBUG] [2025-07-05T09:03:36.745Z] [signin:api:response] {
  "success": true,
  "user": {
    "id": "28eff71a-87bd-433f-bd6c-8701801e2261",
    "email": "3200163@proton.me",
    "confirmed": "2025-06-26T07:39:24.35038Z"
  },
  "session": {
    "expires_at": 1751709818
  }
}
🌐 [BROWSER LOG]: [AUTH-DEBUG] [2025-07-05T09:03:36.745Z] [signin:success] {
  "userId": "28eff71a-87bd-433f-bd6c-8701801e2261",
  "email": "3200163@proton.me"
}
🌐 [BROWSER LOG]: [AUTH-DEBUG] [2025-07-05T09:03:36.745Z] [signin:redirect:scheduled] {
  "target": "/dashboard",
  "delay": 1500
}
🌐 [BROWSER LOG]: [AUTH-DEBUG] [2025-07-05T09:03:36.745Z] [form:submit:complete] {
  "loading": false
}
🌐 [BROWSER LOG]: [AUTH-DEBUG] [2025-07-05T09:03:36.746Z] [page:render] {
  "isSignUp": false,
  "email": "***filled***",
  "loading": false
}
🌐 [BROWSER LOG]: [AUTH-DEBUG] [2025-07-05T09:03:36.746Z] [page:render] {
  "isSignUp": false,
  "email": "***filled***",
  "loading": false
}
🌐 [BROWSER LOG]: [AUTH-DEBUG] [2025-07-05T09:03:38.251Z] [signin:redirect:executing] {
  "target": "/dashboard"
}
🌐 [BROWSER LOG]: [Fast Refresh] rebuilding
🌐 [BROWSER WARNING]: [Fast Refresh] performing full reload

Fast Refresh will perform a full reload when you edit a file that's imported by modules outside of the React rendering tree.
You might have a file which exports a React component but also exports a value that is imported by a non-React component file.
Consider migrating the non-React component export to a separate file and importing it into both files.

It is also possible the parent component of the component you edited is a class component, which disables Fast Refresh.
Fast Refresh requires at least one parent function component in your React tree.
🌐 [BROWSER INFO]: %cDownload the React DevTools for a better development experience: https://react.dev/link/react-devtools font-weight:bold
🌐 [BROWSER LOG]: [DEBUG_MODULE] 🚀 debug.ts module loading at: 2025-07-05T09:03:46.218Z
🌐 [BROWSER LOG]: [DEBUG_MODULE] 🌍 Environment check: {isClient: true, hostname: localhost, nodeEnv: development}
🌐 [BROWSER LOG]: [DEBUG_MODULE] 📤 Setting up default export...
🌐 [BROWSER LOG]: [DEBUG_MODULE] ✅ Debug function type check: function
🌐 [BROWSER LOG]: [DEBUG_MODULE] 🧪 Testing debug function call...
🌐 [BROWSER LOG]: [DEBUG] 2025-07-05T09:03:46.220Z [DEBUG_MODULE] 🎉 Debug function self-test successful!
🌐 [BROWSER DEBUG]: [DEBUG_FALLBACK] [DEBUG] 2025-07-05T09:03:46.220Z [DEBUG_MODULE] 🎉 Debug function self-test successful!
🌐 [BROWSER LOG]: [DEBUG] 2025-07-05T09:03:46.221Z [KPI_GRID] 🎉 Debug function import successful!
🌐 [BROWSER DEBUG]: [DEBUG_FALLBACK] [DEBUG] 2025-07-05T09:03:46.221Z [KPI_GRID] 🎉 Debug function import successful!
🌐 [BROWSER LOG]: [PORTFOLIO_CHART] 🔍 Import verification at: 2025-07-05T09:03:46.224Z
🌐 [BROWSER LOG]: [PORTFOLIO_CHART] 📦 debug import type: function
🌐 [BROWSER LOG]: [PORTFOLIO_CHART] 🧪 debug function test:
🌐 [BROWSER LOG]: [PORTFOLIO_CHART] ✅ debug is a function, testing call...
🌐 [BROWSER LOG]: [DEBUG] 2025-07-05T09:03:46.224Z [PORTFOLIO_CHART] 🎉 Debug function import successful!
🌐 [BROWSER DEBUG]: [DEBUG_FALLBACK] [DEBUG] 2025-07-05T09:03:46.224Z [PORTFOLIO_CHART] 🎉 Debug function import successful!
🌐 [BROWSER LOG]: [PORTFOLIO_CHART] ✅ Debug function call successful!
🌐 [BROWSER LOG]: %c%s%c [DEBUG_MODULE] 🔧 patchConsole called background: #e6e6e6;background: light-dark(rgba(0,0,0,0.1), rgba(255,255,255,0.25));color: #000000;color: light-dark(#000000, #ffffff);border-radius: 2px  Server  
🌐 [BROWSER LOG]: %c%s%c [DEBUG_MODULE] 🔊 Development mode, console logging active background: #e6e6e6;background: light-dark(rgba(0,0,0,0.1), rgba(255,255,255,0.25));color: #000000;color: light-dark(#000000, #ffffff);border-radius: 2px  Server  
✅ Logged in, now on dashboard
🌐 [BROWSER LOG]: [AllocationTable] Still loading, showing skeleton
🌐 [BROWSER LOG]: [AllocationTable] Still loading, showing skeleton
🌐 [BROWSER LOG]: [PortfolioChart] === ENHANCED PORTFOLIO CHART START ===
🌐 [BROWSER LOG]: [PortfolioChart] Component mounting with props: {defaultRange: 1Y, defaultBenchmark: SPY}
🌐 [BROWSER LOG]: [PortfolioChart] Timestamp: 2025-07-05T09:03:46.448Z
🌐 [BROWSER LOG]: [PortfolioChart] 📊 Component state:
🌐 [BROWSER LOG]: [PortfolioChart] - Selected range: 1Y
🌐 [BROWSER LOG]: [PortfolioChart] - Selected benchmark: SPY
🌐 [BROWSER LOG]: [PortfolioChart] - Display mode: value
🌐 [BROWSER LOG]: [usePerformance] 🚀 Hook called with: {range: 1Y, benchmark: SPY, options: Object}
🌐 [BROWSER LOG]: [usePerformance] 🔐 Authentication status:
🌐 [BROWSER LOG]: [usePerformance] - User present: true
🌐 [BROWSER LOG]: [usePerformance] - User ID: 28eff71a-87bd-433f-bd6c-8701801e2261
🌐 [BROWSER LOG]: [usePerformance] - User email: 3200163@proton.me
🌐 [BROWSER LOG]: [usePerformance] ✅ Input validation passed
🌐 [BROWSER LOG]: [usePerformance] 📋 Query configuration:
🌐 [BROWSER LOG]: [usePerformance] - Enabled: true
🌐 [BROWSER LOG]: [usePerformance] - Stale time: 300000ms
🌐 [BROWSER LOG]: [usePerformance] - Refetch on focus: false
🌐 [BROWSER LOG]: [usePerformance] - Retry attempts: 3
🌐 [BROWSER LOG]: [usePerformance] 📊 Query state:
🌐 [BROWSER LOG]: [usePerformance] - isLoading: true
🌐 [BROWSER LOG]: [usePerformance] - isError: false
🌐 [BROWSER LOG]: [usePerformance] - isSuccess: false
🌐 [BROWSER LOG]: [usePerformance] - hasData: false
🌐 [BROWSER LOG]: [usePerformance] - error: undefined
🌐 [BROWSER LOG]: [usePerformance] 📈 Processed data:
🌐 [BROWSER LOG]: [usePerformance] - Portfolio data points: 0
🌐 [BROWSER LOG]: [usePerformance] - Benchmark data points: 0
🌐 [BROWSER LOG]: [usePerformance] - Has metrics: false
🌐 [BROWSER LOG]: [usePerformance] === HOOK RESULT READY ===
🌐 [BROWSER LOG]: [PortfolioChart] 🔄 Performance hook state:
🌐 [BROWSER LOG]: [PortfolioChart] - Loading: true
🌐 [BROWSER LOG]: [PortfolioChart] - Error: false
🌐 [BROWSER LOG]: [PortfolioChart] - Success: false
🌐 [BROWSER LOG]: [PortfolioChart] - Has data: false
🌐 [BROWSER LOG]: [PortfolioChart] - Portfolio points: 0
🌐 [BROWSER LOG]: [PortfolioChart] - Benchmark points: 0
🌐 [BROWSER LOG]: [PortfolioChart] - Has metrics: false
🌐 [BROWSER LOG]: [PortfolioChart] 📊 Processing chart data...
🌐 [BROWSER LOG]: [PortfolioChart] - Display mode: value
🌐 [BROWSER LOG]: [PortfolioChart] - Portfolio data points: 0
🌐 [BROWSER LOG]: [PortfolioChart] - Benchmark data points: 0
🌐 [BROWSER LOG]: [PortfolioChart] 📊 calculatePercentageReturns called with data length: 0
🌐 [BROWSER LOG]: [PortfolioChart] ⚠️ No data points for percentage calculation
🌐 [BROWSER LOG]: [PortfolioChart] 📊 calculatePercentageReturns called with data length: 0
🌐 [BROWSER LOG]: [PortfolioChart] ⚠️ No data points for percentage calculation
🌐 [BROWSER LOG]: [PortfolioChart] 📈 Calculated percentage returns:
🌐 [BROWSER LOG]: [PortfolioChart] - Portfolio data length: 0
🌐 [BROWSER LOG]: [PortfolioChart] - Benchmark data length: 0
🌐 [BROWSER LOG]: [PortfolioChart] - Portfolio percent returns length: 0
🌐 [BROWSER LOG]: [PortfolioChart] - Benchmark percent returns length: 0
🌐 [BROWSER LOG]: [PortfolioChart] - Portfolio final return: 0
🌐 [BROWSER LOG]: [PortfolioChart] - Benchmark final return: 0
🌐 [BROWSER LOG]: [PortfolioChart] 🎨 Rendering component...
🌐 [BROWSER LOG]: [PortfolioChart] === ENHANCED PORTFOLIO CHART START ===
🌐 [BROWSER LOG]: [PortfolioChart] Component mounting with props: {defaultRange: 1Y, defaultBenchmark: SPY}
🌐 [BROWSER LOG]: [PortfolioChart] Timestamp: 2025-07-05T09:03:46.456Z
🌐 [BROWSER LOG]: [PortfolioChart] 📊 Component state:
🌐 [BROWSER LOG]: [PortfolioChart] - Selected range: 1Y
🌐 [BROWSER LOG]: [PortfolioChart] - Selected benchmark: SPY
🌐 [BROWSER LOG]: [PortfolioChart] - Display mode: value
🌐 [BROWSER LOG]: [usePerformance] 🚀 Hook called with: {range: 1Y, benchmark: SPY, options: Object}
🌐 [BROWSER LOG]: [usePerformance] 🔐 Authentication status:
🌐 [BROWSER LOG]: [usePerformance] - User present: true
🌐 [BROWSER LOG]: [usePerformance] - User ID: 28eff71a-87bd-433f-bd6c-8701801e2261
🌐 [BROWSER LOG]: [usePerformance] - User email: 3200163@proton.me
🌐 [BROWSER LOG]: [usePerformance] ✅ Input validation passed
🌐 [BROWSER LOG]: [usePerformance] 📋 Query configuration:
🌐 [BROWSER LOG]: [usePerformance] - Enabled: true
🌐 [BROWSER LOG]: [usePerformance] - Stale time: 300000ms
🌐 [BROWSER LOG]: [usePerformance] - Refetch on focus: false
🌐 [BROWSER LOG]: [usePerformance] - Retry attempts: 3
🌐 [BROWSER LOG]: [usePerformance] 📊 Query state:
🌐 [BROWSER LOG]: [usePerformance] - isLoading: true
🌐 [BROWSER LOG]: [usePerformance] - isError: false
🌐 [BROWSER LOG]: [usePerformance] - isSuccess: false
🌐 [BROWSER LOG]: [usePerformance] - hasData: false
🌐 [BROWSER LOG]: [usePerformance] - error: undefined
🌐 [BROWSER LOG]: [usePerformance] 📈 Processed data:
🌐 [BROWSER LOG]: [usePerformance] - Portfolio data points: 0
🌐 [BROWSER LOG]: [usePerformance] - Benchmark data points: 0
🌐 [BROWSER LOG]: [usePerformance] - Has metrics: false
🌐 [BROWSER LOG]: [usePerformance] === HOOK RESULT READY ===
🌐 [BROWSER LOG]: [PortfolioChart] 🔄 Performance hook state:
🌐 [BROWSER LOG]: [PortfolioChart] - Loading: true
🌐 [BROWSER LOG]: [PortfolioChart] - Error: false
🌐 [BROWSER LOG]: [PortfolioChart] - Success: false
🌐 [BROWSER LOG]: [PortfolioChart] - Has data: false
🌐 [BROWSER LOG]: [PortfolioChart] - Portfolio points: 0
🌐 [BROWSER LOG]: [PortfolioChart] - Benchmark points: 0
🌐 [BROWSER LOG]: [PortfolioChart] - Has metrics: false
🌐 [BROWSER LOG]: [PortfolioChart] 📊 Processing chart data...
🌐 [BROWSER LOG]: [PortfolioChart] - Display mode: value
🌐 [BROWSER LOG]: [PortfolioChart] - Portfolio data points: 0
🌐 [BROWSER LOG]: [PortfolioChart] - Benchmark data points: 0
🌐 [BROWSER LOG]: [PortfolioChart] 📊 calculatePercentageReturns called with data length: 0
🌐 [BROWSER LOG]: [PortfolioChart] ⚠️ No data points for percentage calculation
🌐 [BROWSER LOG]: [PortfolioChart] 📊 calculatePercentageReturns called with data length: 0
🌐 [BROWSER LOG]: [PortfolioChart] ⚠️ No data points for percentage calculation
🌐 [BROWSER LOG]: [PortfolioChart] 📈 Calculated percentage returns:
🌐 [BROWSER LOG]: [PortfolioChart] - Portfolio data length: 0
🌐 [BROWSER LOG]: [PortfolioChart] - Benchmark data length: 0
🌐 [BROWSER LOG]: [PortfolioChart] - Portfolio percent returns length: 0
🌐 [BROWSER LOG]: [PortfolioChart] - Benchmark percent returns length: 0
🌐 [BROWSER LOG]: [PortfolioChart] - Portfolio final return: 0
🌐 [BROWSER LOG]: [PortfolioChart] - Benchmark final return: 0
🌐 [BROWSER LOG]: [PortfolioChart] 🎨 Rendering component...
🌐 [BROWSER LOG]: [GainLossCard] Still loading gainers, showing skeleton
🌐 [BROWSER LOG]: [GainLossCard] Still loading gainers, showing skeleton
🌐 [BROWSER LOG]: [GainLossCard] Still loading losers, showing skeleton
🌐 [BROWSER LOG]: [GainLossCard] Still loading losers, showing skeleton
🌐 [BROWSER LOG]: [DEBUG] 2025-07-05T09:03:46.490Z 📡 Making API call for dashboard overview using front_api_get_dashboard...
🌐 [BROWSER DEBUG]: [DEBUG_FALLBACK] [DEBUG] 2025-07-05T09:03:46.490Z 📡 Making API call for dashboard overview using front_api_get_dashboard...
🌐 [BROWSER LOG]: [DEBUG] 2025-07-05T09:03:46.491Z 📡 User ID for API call: 28eff71a-87bd-433f-bd6c-8701801e2261
🌐 [BROWSER DEBUG]: [DEBUG_FALLBACK] [DEBUG] 2025-07-05T09:03:46.491Z 📡 User ID for API call: 28eff71a-87bd-433f-bd6c-8701801e2261
🌐 [BROWSER LOG]: [AllocationTable] Allocation API not yet implemented, showing empty state
🌐 [BROWSER LOG]: [FxTicker] FX rates API not yet implemented, showing empty state
🌐 [BROWSER LOG]: [usePerformance] === PERFORMANCE REQUEST START ===
🌐 [BROWSER LOG]: [usePerformance] Timestamp: 2025-07-05T09:03:46.494Z
🌐 [BROWSER LOG]: [usePerformance] Range: 1Y
🌐 [BROWSER LOG]: [usePerformance] Benchmark: SPY
🌐 [BROWSER LOG]: [usePerformance] User ID present: true
🌐 [BROWSER LOG]: [usePerformance] React Query key: [performance, 1Y, SPY, 28eff71a-87bd-433f-bd6c-8701801e2261]
🌐 [BROWSER LOG]: [usePerformance] 📡 Making API call...
🌐 [BROWSER LOG]: [usePerformance] API call: front_api_client.front_api_get_performance
🌐 [BROWSER LOG]: [usePerformance] Parameters: period = 1Y
🌐 [BROWSER LOG]: [usePerformance] 📡 Calling front_api_get_performance with parameters:
🌐 [BROWSER LOG]: [usePerformance] - range: 1Y
🌐 [BROWSER LOG]: [usePerformance] - benchmark: SPY
🌐 [BROWSER LOG]: 📈 [front_api_get_performance] === PERFORMANCE API CALL START ===
🌐 [BROWSER LOG]: 📈 [front_api_get_performance] Timestamp: 2025-07-05T09:03:46.500Z
🌐 [BROWSER LOG]: 📈 [front_api_get_performance] Period parameter: "1Y"
🌐 [BROWSER LOG]: 📈 [front_api_get_performance] Period type: string
🌐 [BROWSER LOG]: 📈 [front_api_get_performance] Benchmark parameter: "SPY"
🌐 [BROWSER LOG]: 📈 [front_api_get_performance] Benchmark type: string
🌐 [BROWSER LOG]: 📈 [front_api_get_performance] Encoded period: "1Y"
🌐 [BROWSER LOG]: 📈 [front_api_get_performance] Encoded benchmark: "SPY"
🌐 [BROWSER LOG]: 📈 [front_api_get_performance] Target URL: /api/dashboard/performance?period=1Y&benchmark=SPY
🌐 [BROWSER LOG]: 📈 [front_api_get_performance] Full URL: http://localhost:8000/api/dashboard/performance?period=1Y&benchmark=SPY
🌐 [BROWSER LOG]: 📈 [front_api_get_performance] === PERFORMANCE API CALL INITIATED ===
🌐 [BROWSER LOG]: [PortfolioChart] 🔄 Updating dashboard context...
🌐 [BROWSER LOG]: [PortfolioChart] - Loading state: true
🌐 [BROWSER LOG]: [PortfolioChart] - Has portfolio data: false
🌐 [BROWSER LOG]: [PortfolioChart] - Has benchmark data: false
🌐 [BROWSER LOG]: [PortfolioChart] ⚠️ No data available for dashboard context
🌐 [BROWSER LOG]: [GainLossCard] Making API call for gainers...
🌐 [BROWSER LOG]: [GainLossCard] gainers API not yet implemented, showing empty state
🌐 [BROWSER LOG]: [GainLossCard] Making API call for losers...
🌐 [BROWSER LOG]: [GainLossCard] losers API not yet implemented, showing empty state
🌐 [BROWSER LOG]: [PortfolioChart] 🔄 Updating dashboard context...
🌐 [BROWSER LOG]: [PortfolioChart] - Loading state: true
🌐 [BROWSER LOG]: [PortfolioChart] - Has portfolio data: false
🌐 [BROWSER LOG]: [PortfolioChart] - Has benchmark data: false
🌐 [BROWSER LOG]: [PortfolioChart] ⚠️ No data available for dashboard context
🌐 [BROWSER LOG]: [GainLossCard] API response for gainers: {data: Object}
🌐 [BROWSER LOG]: [GainLossCard] API response data type for gainers: object
🌐 [BROWSER LOG]: [GainLossCard] API response items for gainers: []
🌐 [BROWSER LOG]: [GainLossCard] API response for losers: {data: Object}
🌐 [BROWSER LOG]: [GainLossCard] API response data type for losers: object
🌐 [BROWSER LOG]: [GainLossCard] API response items for losers: []
🌐 [BROWSER LOG]: [PortfolioChart] === ENHANCED PORTFOLIO CHART START ===
🌐 [BROWSER LOG]: [PortfolioChart] Component mounting with props: {defaultRange: 1Y, defaultBenchmark: SPY}
🌐 [BROWSER LOG]: [PortfolioChart] Timestamp: 2025-07-05T09:03:46.539Z
🌐 [BROWSER LOG]: [PortfolioChart] 📊 Component state:
🌐 [BROWSER LOG]: [PortfolioChart] - Selected range: 1Y
🌐 [BROWSER LOG]: [PortfolioChart] - Selected benchmark: SPY
🌐 [BROWSER LOG]: [PortfolioChart] - Display mode: value
🌐 [BROWSER LOG]: [usePerformance] 🚀 Hook called with: {range: 1Y, benchmark: SPY, options: Object}
🌐 [BROWSER LOG]: [usePerformance] 🔐 Authentication status:
🌐 [BROWSER LOG]: [usePerformance] - User present: true
🌐 [BROWSER LOG]: [usePerformance] - User ID: 28eff71a-87bd-433f-bd6c-8701801e2261
🌐 [BROWSER LOG]: [usePerformance] - User email: 3200163@proton.me
🌐 [BROWSER LOG]: [usePerformance] ✅ Input validation passed
🌐 [BROWSER LOG]: [usePerformance] 📋 Query configuration:
🌐 [BROWSER LOG]: [usePerformance] - Enabled: true
🌐 [BROWSER LOG]: [usePerformance] - Stale time: 300000ms
🌐 [BROWSER LOG]: [usePerformance] - Refetch on focus: false
🌐 [BROWSER LOG]: [usePerformance] - Retry attempts: 3
🌐 [BROWSER LOG]: [usePerformance] 📊 Query state:
🌐 [BROWSER LOG]: [usePerformance] - isLoading: true
🌐 [BROWSER LOG]: [usePerformance] - isError: false
🌐 [BROWSER LOG]: [usePerformance] - isSuccess: false
🌐 [BROWSER LOG]: [usePerformance] - hasData: false
🌐 [BROWSER LOG]: [usePerformance] - error: undefined
🌐 [BROWSER LOG]: [usePerformance] 📈 Processed data:
🌐 [BROWSER LOG]: [usePerformance] - Portfolio data points: 0
🌐 [BROWSER LOG]: [usePerformance] - Benchmark data points: 0
🌐 [BROWSER LOG]: [usePerformance] - Has metrics: false
🌐 [BROWSER LOG]: [usePerformance] === HOOK RESULT READY ===
🌐 [BROWSER LOG]: [PortfolioChart] 🔄 Performance hook state:
🌐 [BROWSER LOG]: [PortfolioChart] - Loading: true
🌐 [BROWSER LOG]: [PortfolioChart] - Error: false
🌐 [BROWSER LOG]: [PortfolioChart] - Success: false
🌐 [BROWSER LOG]: [PortfolioChart] - Has data: false
🌐 [BROWSER LOG]: [PortfolioChart] - Portfolio points: 0
🌐 [BROWSER LOG]: [PortfolioChart] - Benchmark points: 0
🌐 [BROWSER LOG]: [PortfolioChart] - Has metrics: false
🌐 [BROWSER LOG]: [PortfolioChart] 📊 Processing chart data...
🌐 [BROWSER LOG]: [PortfolioChart] - Display mode: value
🌐 [BROWSER LOG]: [PortfolioChart] - Portfolio data points: 0
🌐 [BROWSER LOG]: [PortfolioChart] - Benchmark data points: 0
🌐 [BROWSER LOG]: [PortfolioChart] 📊 calculatePercentageReturns called with data length: 0
🌐 [BROWSER LOG]: [PortfolioChart] ⚠️ No data points for percentage calculation
🌐 [BROWSER LOG]: [PortfolioChart] 📊 calculatePercentageReturns called with data length: 0
🌐 [BROWSER LOG]: [PortfolioChart] ⚠️ No data points for percentage calculation
🌐 [BROWSER LOG]: [PortfolioChart] 📈 Calculated percentage returns:
🌐 [BROWSER LOG]: [PortfolioChart] - Portfolio data length: 0
🌐 [BROWSER LOG]: [PortfolioChart] - Benchmark data length: 0
🌐 [BROWSER LOG]: [PortfolioChart] - Portfolio percent returns length: 0
🌐 [BROWSER LOG]: [PortfolioChart] - Benchmark percent returns length: 0
🌐 [BROWSER LOG]: [PortfolioChart] - Portfolio final return: 0
🌐 [BROWSER LOG]: [PortfolioChart] - Benchmark final return: 0
🌐 [BROWSER LOG]: [PortfolioChart] 🎨 Rendering component...
🌐 [BROWSER LOG]: [PortfolioChart] === ENHANCED PORTFOLIO CHART START ===
🌐 [BROWSER LOG]: [PortfolioChart] Component mounting with props: {defaultRange: 1Y, defaultBenchmark: SPY}
🌐 [BROWSER LOG]: [PortfolioChart] Timestamp: 2025-07-05T09:03:46.544Z
🌐 [BROWSER LOG]: [PortfolioChart] 📊 Component state:
🌐 [BROWSER LOG]: [PortfolioChart] - Selected range: 1Y
🌐 [BROWSER LOG]: [PortfolioChart] - Selected benchmark: SPY
🌐 [BROWSER LOG]: [PortfolioChart] - Display mode: value
🌐 [BROWSER LOG]: [usePerformance] 🚀 Hook called with: {range: 1Y, benchmark: SPY, options: Object}
🌐 [BROWSER LOG]: [usePerformance] 🔐 Authentication status:
🌐 [BROWSER LOG]: [usePerformance] - User present: true
🌐 [BROWSER LOG]: [usePerformance] - User ID: 28eff71a-87bd-433f-bd6c-8701801e2261
🌐 [BROWSER LOG]: [usePerformance] - User email: 3200163@proton.me
🌐 [BROWSER LOG]: [usePerformance] ✅ Input validation passed
🌐 [BROWSER LOG]: [usePerformance] 📋 Query configuration:
🌐 [BROWSER LOG]: [usePerformance] - Enabled: true
🌐 [BROWSER LOG]: [usePerformance] - Stale time: 300000ms
🌐 [BROWSER LOG]: [usePerformance] - Refetch on focus: false
🌐 [BROWSER LOG]: [usePerformance] - Retry attempts: 3
🌐 [BROWSER LOG]: [usePerformance] 📊 Query state:
🌐 [BROWSER LOG]: [usePerformance] - isLoading: true
🌐 [BROWSER LOG]: [usePerformance] - isError: false
🌐 [BROWSER LOG]: [usePerformance] - isSuccess: false
🌐 [BROWSER LOG]: [usePerformance] - hasData: false
🌐 [BROWSER LOG]: [usePerformance] - error: undefined
🌐 [BROWSER LOG]: [usePerformance] 📈 Processed data:
🌐 [BROWSER LOG]: [usePerformance] - Portfolio data points: 0
🌐 [BROWSER LOG]: [usePerformance] - Benchmark data points: 0
🌐 [BROWSER LOG]: [usePerformance] - Has metrics: false
🌐 [BROWSER LOG]: [usePerformance] === HOOK RESULT READY ===
🌐 [BROWSER LOG]: [PortfolioChart] 🔄 Performance hook state:
🌐 [BROWSER LOG]: [PortfolioChart] - Loading: true
🌐 [BROWSER LOG]: [PortfolioChart] - Error: false
🌐 [BROWSER LOG]: [PortfolioChart] - Success: false
🌐 [BROWSER LOG]: [PortfolioChart] - Has data: false
🌐 [BROWSER LOG]: [PortfolioChart] - Portfolio points: 0
🌐 [BROWSER LOG]: [PortfolioChart] - Benchmark points: 0
🌐 [BROWSER LOG]: [PortfolioChart] - Has metrics: false
🌐 [BROWSER LOG]: [PortfolioChart] 📊 Processing chart data...
🌐 [BROWSER LOG]: [PortfolioChart] - Display mode: value
🌐 [BROWSER LOG]: [PortfolioChart] - Portfolio data points: 0
🌐 [BROWSER LOG]: [PortfolioChart] - Benchmark data points: 0
🌐 [BROWSER LOG]: [PortfolioChart] 📊 calculatePercentageReturns called with data length: 0
🌐 [BROWSER LOG]: [PortfolioChart] ⚠️ No data points for percentage calculation
🌐 [BROWSER LOG]: [PortfolioChart] 📊 calculatePercentageReturns called with data length: 0
🌐 [BROWSER LOG]: [PortfolioChart] ⚠️ No data points for percentage calculation
🌐 [BROWSER LOG]: [PortfolioChart] 📈 Calculated percentage returns:
🌐 [BROWSER LOG]: [PortfolioChart] - Portfolio data length: 0
🌐 [BROWSER LOG]: [PortfolioChart] - Benchmark data length: 0
🌐 [BROWSER LOG]: [PortfolioChart] - Portfolio percent returns length: 0
🌐 [BROWSER LOG]: [PortfolioChart] - Benchmark percent returns length: 0
🌐 [BROWSER LOG]: [PortfolioChart] - Portfolio final return: 0
🌐 [BROWSER LOG]: [PortfolioChart] - Benchmark final return: 0
🌐 [BROWSER LOG]: [PortfolioChart] 🎨 Rendering component...
🌐 [BROWSER LOG]: [GainLossCard] Items for gainers: []
🌐 [BROWSER LOG]: [GainLossCard] Number of items for gainers: 0
🌐 [BROWSER LOG]: [GainLossCard] Items for gainers: []
🌐 [BROWSER LOG]: [GainLossCard] Number of items for gainers: 0
🌐 [BROWSER LOG]: [GainLossCard] Items for losers: []
🌐 [BROWSER LOG]: [GainLossCard] Number of items for losers: 0
🌐 [BROWSER LOG]: [GainLossCard] Items for losers: []
🌐 [BROWSER LOG]: [GainLossCard] Number of items for losers: 0
🌐 [BROWSER LOG]: [PortfolioChart] 🔄 Updating dashboard context...
🌐 [BROWSER LOG]: [PortfolioChart] - Loading state: true
🌐 [BROWSER LOG]: [PortfolioChart] - Has portfolio data: false
🌐 [BROWSER LOG]: [PortfolioChart] - Has benchmark data: false
🌐 [BROWSER LOG]: [PortfolioChart] ⚠️ No data available for dashboard context
🔎 Navigating to /research...
🌐 [BROWSER LOG]: [Fast Refresh] rebuilding
🌐 [BROWSER ERROR]: ./src/components/StockSearchInput.tsx
Error:   x Unexpected eof
     ,-[/app/src/components/StockSearchInput.tsx:245:1]
 242 |       )}
 243 |     </div>
 244 |   );
 245 | } 
     `----

Caused by:
    Syntax Error

Import trace for requested module:
./src/components/StockSearchInput.tsx
./src/app/research/page.tsx
🌐 [BROWSER LOG]: 📈 [front_api_get_performance] ✅ Success response received: {success: true, period: 1Y, benchmark: SPY, portfolio_performance: Array(366), benchmark_performance: Array(366)}
🌐 [BROWSER LOG]: 📈 [front_api_get_performance] Response type: object
🌐 [BROWSER LOG]: 📈 [front_api_get_performance] Response keys: [success, period, benchmark, portfolio_performance, benchmark_performance, metadata, performance_metrics]
🌐 [BROWSER LOG]: [usePerformance] ✅ API call successful
🌐 [BROWSER LOG]: [usePerformance] Raw API response: {success: true, period: 1Y, benchmark: SPY, portfolio_performance: Array(366), benchmark_performance: Array(366)}
🌐 [BROWSER LOG]: [usePerformance] Response type: object
🌐 [BROWSER LOG]: [usePerformance] Response keys: [success, period, benchmark, portfolio_performance, benchmark_performance, metadata, performance_metrics]
🌐 [BROWSER LOG]: [usePerformance] ✅ Performance data validated
🌐 [BROWSER LOG]: [usePerformance] ✅ Performance data received:
🌐 [BROWSER LOG]: [usePerformance] - Success: true
🌐 [BROWSER LOG]: [usePerformance] - Period: 1Y
🌐 [BROWSER LOG]: [usePerformance] - Benchmark: SPY
🌐 [BROWSER LOG]: [usePerformance] - Portfolio points: 366
🌐 [BROWSER LOG]: [usePerformance] - Benchmark points: 366
🌐 [BROWSER LOG]: [usePerformance] - Portfolio final value: 9363
🌐 [BROWSER LOG]: [usePerformance] - Index final value: 8011.80232222703
🌐 [BROWSER LOG]: [usePerformance] - Cached: false
🌐 [BROWSER LOG]: [usePerformance] - Calculation timestamp: 2025-07-05T09:03:48.850579
🌐 [BROWSER LOG]: [usePerformance] 📊 Performance metrics:
🌐 [BROWSER LOG]: [usePerformance] - Portfolio return: 31.76%
🌐 [BROWSER LOG]: [usePerformance] - Index return: 12.75%
🌐 [BROWSER LOG]: [usePerformance] - Outperformance: 19.01%
🌐 [BROWSER LOG]: [PortfolioChart] === ENHANCED PORTFOLIO CHART START ===
🌐 [BROWSER LOG]: [PortfolioChart] Component mounting with props: {defaultRange: 1Y, defaultBenchmark: SPY}
🌐 [BROWSER LOG]: [PortfolioChart] Timestamp: 2025-07-05T09:03:48.066Z
🌐 [BROWSER LOG]: [PortfolioChart] 📊 Component state:
🌐 [BROWSER LOG]: [PortfolioChart] - Selected range: 1Y
🌐 [BROWSER LOG]: [PortfolioChart] - Selected benchmark: SPY
🌐 [BROWSER LOG]: [PortfolioChart] - Display mode: value
🌐 [BROWSER LOG]: [usePerformance] 🚀 Hook called with: {range: 1Y, benchmark: SPY, options: Object}
🌐 [BROWSER LOG]: [usePerformance] 🔐 Authentication status:
🌐 [BROWSER LOG]: [usePerformance] - User present: true
🌐 [BROWSER LOG]: [usePerformance] - User ID: 28eff71a-87bd-433f-bd6c-8701801e2261
🌐 [BROWSER LOG]: [usePerformance] - User email: 3200163@proton.me
🌐 [BROWSER LOG]: [usePerformance] ✅ Input validation passed
🌐 [BROWSER LOG]: [usePerformance] 📋 Query configuration:
🌐 [BROWSER LOG]: [usePerformance] - Enabled: true
🌐 [BROWSER LOG]: [usePerformance] - Stale time: 300000ms
🌐 [BROWSER LOG]: [usePerformance] - Refetch on focus: false
🌐 [BROWSER LOG]: [usePerformance] - Retry attempts: 3
🌐 [BROWSER LOG]: [usePerformance] 📊 Query state:
🌐 [BROWSER LOG]: [usePerformance] - isLoading: false
🌐 [BROWSER LOG]: [usePerformance] - isError: false
🌐 [BROWSER LOG]: [usePerformance] - isSuccess: true
🌐 [BROWSER LOG]: [usePerformance] - hasData: true
🌐 [BROWSER LOG]: [usePerformance] - error: undefined
🌐 [BROWSER LOG]: [usePerformance] 📈 Processed data:
🌐 [BROWSER LOG]: [usePerformance] - Portfolio data points: 366
🌐 [BROWSER LOG]: [usePerformance] - Benchmark data points: 366
🌐 [BROWSER LOG]: [usePerformance] - Has metrics: true
🌐 [BROWSER LOG]: [usePerformance] - Portfolio sample data: [Object, Object, Object]
🌐 [BROWSER LOG]: [usePerformance] - Portfolio final value: 9363
🌐 [BROWSER LOG]: [usePerformance] - Benchmark sample data: [Object, Object, Object]
🌐 [BROWSER LOG]: [usePerformance] - Benchmark final value: 8011.80232222703
🌐 [BROWSER LOG]: [usePerformance] === HOOK RESULT READY ===
🌐 [BROWSER LOG]: [PortfolioChart] 🔄 Performance hook state:
🌐 [BROWSER LOG]: [PortfolioChart] - Loading: false
🌐 [BROWSER LOG]: [PortfolioChart] - Error: false
🌐 [BROWSER LOG]: [PortfolioChart] - Success: true
🌐 [BROWSER LOG]: [PortfolioChart] - Has data: true
🌐 [BROWSER LOG]: [PortfolioChart] - Portfolio points: 366
🌐 [BROWSER LOG]: [PortfolioChart] - Benchmark points: 366
🌐 [BROWSER LOG]: [PortfolioChart] - Has metrics: true
🌐 [BROWSER LOG]: [PortfolioChart] 📊 Processing chart data...
🌐 [BROWSER LOG]: [PortfolioChart] - Display mode: value
🌐 [BROWSER LOG]: [PortfolioChart] - Portfolio data points: 366
🌐 [BROWSER LOG]: [PortfolioChart] - Benchmark data points: 366
🌐 [BROWSER LOG]: [PortfolioChart] 📊 calculatePercentageReturns called with data length: 366
🌐 [BROWSER LOG]: [PortfolioChart] 📊 Initial value for percentage calculation: 7106
🌐 [BROWSER LOG]: [PortfolioChart] 📊 Percentage returns calculated:
🌐 [BROWSER LOG]: [PortfolioChart] - First return: 0
🌐 [BROWSER LOG]: [PortfolioChart] - Last return: 31.76189135941458
🌐 [BROWSER LOG]: [PortfolioChart] - Sample values: [0, 0, 0, 0.267379679144385, 0.3658879819870532]
🌐 [BROWSER LOG]: [PortfolioChart] 📊 calculatePercentageReturns called with data length: 366
🌐 [BROWSER LOG]: [PortfolioChart] 📊 Initial value for percentage calculation: 7106
🌐 [BROWSER LOG]: [PortfolioChart] 📊 Percentage returns calculated:
🌐 [BROWSER LOG]: [PortfolioChart] - First return: 0
🌐 [BROWSER LOG]: [PortfolioChart] - Last return: 12.747007067647488
🌐 [BROWSER LOG]: [PortfolioChart] - Sample values: [0, 0, 0, 0.11539016298860645, 0.2127506130102443]
🌐 [BROWSER LOG]: [PortfolioChart] 📈 Calculated percentage returns:
🌐 [BROWSER LOG]: [PortfolioChart] - Portfolio data length: 366
🌐 [BROWSER LOG]: [PortfolioChart] - Benchmark data length: 366
🌐 [BROWSER LOG]: [PortfolioChart] - Portfolio percent returns length: 366
🌐 [BROWSER LOG]: [PortfolioChart] - Benchmark percent returns length: 366
🌐 [BROWSER LOG]: [PortfolioChart] - Portfolio final return: 31.76189135941458
🌐 [BROWSER LOG]: [PortfolioChart] - Benchmark final return: 12.747007067647488
🌐 [BROWSER LOG]: [PortfolioChart] 📊 Portfolio data sample: [Object, Object, Object]
🌐 [BROWSER LOG]: [PortfolioChart] 📊 Portfolio first value: 7106
🌐 [BROWSER LOG]: [PortfolioChart] 📊 Portfolio last value: 9363
🌐 [BROWSER LOG]: [PortfolioChart] 📊 Benchmark data sample: [Object, Object, Object]
🌐 [BROWSER LOG]: [PortfolioChart] 📊 Benchmark first value: 7106
🌐 [BROWSER LOG]: [PortfolioChart] 📊 Benchmark last value: 8011.80232222703
🌐 [BROWSER LOG]: [PortfolioChart] 🎨 Rendering component...
🌐 [BROWSER LOG]: [PortfolioChart] 📊 Creating plot data...
🌐 [BROWSER LOG]: [PortfolioChart] - Display mode: value
🌐 [BROWSER LOG]: [PortfolioChart] - Portfolio data points: 366
🌐 [BROWSER LOG]: [PortfolioChart] - Benchmark data points: 366
🌐 [BROWSER LOG]: [PortfolioChart] 📊 Portfolio trace data:
🌐 [BROWSER LOG]: [PortfolioChart] - X points: 366
🌐 [BROWSER LOG]: [PortfolioChart] - Y points: 366
🌐 [BROWSER LOG]: [PortfolioChart] - Y sample: [7106, 7106, 7106, 7125, 7132]
🌐 [BROWSER LOG]: [PortfolioChart] 📊 Benchmark trace data:
🌐 [BROWSER LOG]: [PortfolioChart] - X points: 366
🌐 [BROWSER LOG]: [PortfolioChart] - Y points: 366
🌐 [BROWSER LOG]: [PortfolioChart] - Y sample: [7106, 7106, 7106, 7114.19962498197, 7121.118058560508]
🌐 [BROWSER LOG]: [PortfolioChart] - Benchmark visible: true
🌐 [BROWSER LOG]: [PortfolioChart] ✅ Portfolio trace added to chart
🌐 [BROWSER LOG]: [PortfolioChart] ✅ Benchmark trace added to chart
🌐 [BROWSER LOG]: [PortfolioChart] 📊 Final traces count: 2
🌐 [BROWSER LOG]: [PortfolioChart] 📊 Traces summary: [Object, Object]
🌐 [BROWSER LOG]: [PortfolioChart] === ENHANCED PORTFOLIO CHART START ===
🌐 [BROWSER LOG]: [PortfolioChart] Component mounting with props: {defaultRange: 1Y, defaultBenchmark: SPY}
🌐 [BROWSER LOG]: [PortfolioChart] Timestamp: 2025-07-05T09:03:48.078Z
🌐 [BROWSER LOG]: [PortfolioChart] 📊 Component state:
🌐 [BROWSER LOG]: [PortfolioChart] - Selected range: 1Y
🌐 [BROWSER LOG]: [PortfolioChart] - Selected benchmark: SPY
🌐 [BROWSER LOG]: [PortfolioChart] - Display mode: value
🌐 [BROWSER LOG]: [usePerformance] 🚀 Hook called with: {range: 1Y, benchmark: SPY, options: Object}
🌐 [BROWSER LOG]: [usePerformance] 🔐 Authentication status:
🌐 [BROWSER LOG]: [usePerformance] - User present: true
🌐 [BROWSER LOG]: [usePerformance] - User ID: 28eff71a-87bd-433f-bd6c-8701801e2261
🌐 [BROWSER LOG]: [usePerformance] - User email: 3200163@proton.me
🌐 [BROWSER LOG]: [usePerformance] ✅ Input validation passed
🌐 [BROWSER LOG]: [usePerformance] 📋 Query configuration:
🌐 [BROWSER LOG]: [usePerformance] - Enabled: true
🌐 [BROWSER LOG]: [usePerformance] - Stale time: 300000ms
🌐 [BROWSER LOG]: [usePerformance] - Refetch on focus: false
🌐 [BROWSER LOG]: [usePerformance] - Retry attempts: 3
🌐 [BROWSER LOG]: [usePerformance] 📊 Query state:
🌐 [BROWSER LOG]: [usePerformance] - isLoading: false
🌐 [BROWSER LOG]: [usePerformance] - isError: false
🌐 [BROWSER LOG]: [usePerformance] - isSuccess: true
🌐 [BROWSER LOG]: [usePerformance] - hasData: true
🌐 [BROWSER LOG]: [usePerformance] - error: undefined
🌐 [BROWSER LOG]: [usePerformance] 📈 Processed data:
🌐 [BROWSER LOG]: [usePerformance] - Portfolio data points: 366
🌐 [BROWSER LOG]: [usePerformance] - Benchmark data points: 366
🌐 [BROWSER LOG]: [usePerformance] - Has metrics: true
🌐 [BROWSER LOG]: [usePerformance] - Portfolio sample data: [Object, Object, Object]
🌐 [BROWSER LOG]: [usePerformance] - Portfolio final value: 9363
🌐 [BROWSER LOG]: [usePerformance] - Benchmark sample data: [Object, Object, Object]
🌐 [BROWSER LOG]: [usePerformance] - Benchmark final value: 8011.80232222703
🌐 [BROWSER LOG]: [usePerformance] === HOOK RESULT READY ===
🌐 [BROWSER LOG]: [PortfolioChart] 🔄 Performance hook state:
🌐 [BROWSER LOG]: [PortfolioChart] - Loading: false
🌐 [BROWSER LOG]: [PortfolioChart] - Error: false
🌐 [BROWSER LOG]: [PortfolioChart] - Success: true
🌐 [BROWSER LOG]: [PortfolioChart] - Has data: true
🌐 [BROWSER LOG]: [PortfolioChart] - Portfolio points: 366
🌐 [BROWSER LOG]: [PortfolioChart] - Benchmark points: 366
🌐 [BROWSER LOG]: [PortfolioChart] - Has metrics: true
🌐 [BROWSER LOG]: [PortfolioChart] 📊 Processing chart data...
🌐 [BROWSER LOG]: [PortfolioChart] - Display mode: value
🌐 [BROWSER LOG]: [PortfolioChart] - Portfolio data points: 366
🌐 [BROWSER LOG]: [PortfolioChart] - Benchmark data points: 366
🌐 [BROWSER LOG]: [PortfolioChart] 📊 calculatePercentageReturns called with data length: 366
🌐 [BROWSER LOG]: [PortfolioChart] 📊 Initial value for percentage calculation: 7106
🌐 [BROWSER LOG]: [PortfolioChart] 📊 Percentage returns calculated:
🌐 [BROWSER LOG]: [PortfolioChart] - First return: 0
🌐 [BROWSER LOG]: [PortfolioChart] - Last return: 31.76189135941458
🌐 [BROWSER LOG]: [PortfolioChart] - Sample values: [0, 0, 0, 0.267379679144385, 0.3658879819870532]
🌐 [BROWSER LOG]: [PortfolioChart] 📊 calculatePercentageReturns called with data length: 366
🌐 [BROWSER LOG]: [PortfolioChart] 📊 Initial value for percentage calculation: 7106
🌐 [BROWSER LOG]: [PortfolioChart] 📊 Percentage returns calculated:
🌐 [BROWSER LOG]: [PortfolioChart] - First return: 0
🌐 [BROWSER LOG]: [PortfolioChart] - Last return: 12.747007067647488
🌐 [BROWSER LOG]: [PortfolioChart] - Sample values: [0, 0, 0, 0.11539016298860645, 0.2127506130102443]
🌐 [BROWSER LOG]: [PortfolioChart] 📈 Calculated percentage returns:
🌐 [BROWSER LOG]: [PortfolioChart] - Portfolio data length: 366
🌐 [BROWSER LOG]: [PortfolioChart] - Benchmark data length: 366
🌐 [BROWSER LOG]: [PortfolioChart] - Portfolio percent returns length: 366
🌐 [BROWSER LOG]: [PortfolioChart] - Benchmark percent returns length: 366
🌐 [BROWSER LOG]: [PortfolioChart] - Portfolio final return: 31.76189135941458
🌐 [BROWSER LOG]: [PortfolioChart] - Benchmark final return: 12.747007067647488
🌐 [BROWSER LOG]: [PortfolioChart] 📊 Portfolio data sample: [Object, Object, Object]
🌐 [BROWSER LOG]: [PortfolioChart] 📊 Portfolio first value: 7106
🌐 [BROWSER LOG]: [PortfolioChart] 📊 Portfolio last value: 9363
🌐 [BROWSER LOG]: [PortfolioChart] 📊 Benchmark data sample: [Object, Object, Object]
🌐 [BROWSER LOG]: [PortfolioChart] 📊 Benchmark first value: 7106
🌐 [BROWSER LOG]: [PortfolioChart] 📊 Benchmark last value: 8011.80232222703
🌐 [BROWSER LOG]: [PortfolioChart] 🎨 Rendering component...
🌐 [BROWSER LOG]: [PortfolioChart] 📊 Creating plot data...
🌐 [BROWSER LOG]: [PortfolioChart] - Display mode: value
🌐 [BROWSER LOG]: [PortfolioChart] - Portfolio data points: 366
🌐 [BROWSER LOG]: [PortfolioChart] - Benchmark data points: 366
🌐 [BROWSER LOG]: [PortfolioChart] 📊 Portfolio trace data:
🌐 [BROWSER LOG]: [PortfolioChart] - X points: 366
🌐 [BROWSER LOG]: [PortfolioChart] - Y points: 366
🌐 [BROWSER LOG]: [PortfolioChart] - Y sample: [7106, 7106, 7106, 7125, 7132]
🌐 [BROWSER LOG]: [PortfolioChart] 📊 Benchmark trace data:
🌐 [BROWSER LOG]: [PortfolioChart] - X points: 366
🌐 [BROWSER LOG]: [PortfolioChart] - Y points: 366
🌐 [BROWSER LOG]: [PortfolioChart] - Y sample: [7106, 7106, 7106, 7114.19962498197, 7121.118058560508]
🌐 [BROWSER LOG]: [PortfolioChart] - Benchmark visible: true
🌐 [BROWSER LOG]: [PortfolioChart] ✅ Portfolio trace added to chart
🌐 [BROWSER LOG]: [PortfolioChart] ✅ Benchmark trace added to chart
🌐 [BROWSER LOG]: [PortfolioChart] 📊 Final traces count: 2
🌐 [BROWSER LOG]: [PortfolioChart] 📊 Traces summary: [Object, Object]
🌐 [BROWSER LOG]: [PortfolioChart] 🔄 Updating dashboard context...
🌐 [BROWSER LOG]: [PortfolioChart] - Loading state: false
🌐 [BROWSER LOG]: [PortfolioChart] - Has portfolio data: true
🌐 [BROWSER LOG]: [PortfolioChart] - Has benchmark data: true
🌐 [BROWSER LOG]: [PortfolioChart] ✅ Setting performance data in dashboard context
🌐 [BROWSER LOG]: [PortfolioChart] === ENHANCED PORTFOLIO CHART START ===
🌐 [BROWSER LOG]: [PortfolioChart] Component mounting with props: {defaultRange: 1Y, defaultBenchmark: SPY}
🌐 [BROWSER LOG]: [PortfolioChart] Timestamp: 2025-07-05T09:03:48.100Z
🌐 [BROWSER LOG]: [PortfolioChart] 📊 Component state:
🌐 [BROWSER LOG]: [PortfolioChart] - Selected range: 1Y
🌐 [BROWSER LOG]: [PortfolioChart] - Selected benchmark: SPY
🌐 [BROWSER LOG]: [PortfolioChart] - Display mode: value
🌐 [BROWSER LOG]: [usePerformance] 🚀 Hook called with: {range: 1Y, benchmark: SPY, options: Object}
🌐 [BROWSER LOG]: [usePerformance] 🔐 Authentication status:
🌐 [BROWSER LOG]: [usePerformance] - User present: true
🌐 [BROWSER LOG]: [usePerformance] - User ID: 28eff71a-87bd-433f-bd6c-8701801e2261
🌐 [BROWSER LOG]: [usePerformance] - User email: 3200163@proton.me
🌐 [BROWSER LOG]: [usePerformance] ✅ Input validation passed
🌐 [BROWSER LOG]: [usePerformance] 📋 Query configuration:
🌐 [BROWSER LOG]: [usePerformance] - Enabled: true
🌐 [BROWSER LOG]: [usePerformance] - Stale time: 300000ms
🌐 [BROWSER LOG]: [usePerformance] - Refetch on focus: false
🌐 [BROWSER LOG]: [usePerformance] - Retry attempts: 3
🌐 [BROWSER LOG]: [usePerformance] 📊 Query state:
🌐 [BROWSER LOG]: [usePerformance] - isLoading: false
🌐 [BROWSER LOG]: [usePerformance] - isError: false
🌐 [BROWSER LOG]: [usePerformance] - isSuccess: true
🌐 [BROWSER LOG]: [usePerformance] - hasData: true
🌐 [BROWSER LOG]: [usePerformance] - error: undefined
🌐 [BROWSER LOG]: [usePerformance] 📈 Processed data:
🌐 [BROWSER LOG]: [usePerformance] - Portfolio data points: 366
🌐 [BROWSER LOG]: [usePerformance] - Benchmark data points: 366
🌐 [BROWSER LOG]: [usePerformance] - Has metrics: true
🌐 [BROWSER LOG]: [usePerformance] - Portfolio sample data: [Object, Object, Object]
🌐 [BROWSER LOG]: [usePerformance] - Portfolio final value: 9363
🌐 [BROWSER LOG]: [usePerformance] - Benchmark sample data: [Object, Object, Object]
🌐 [BROWSER LOG]: [usePerformance] - Benchmark final value: 8011.80232222703
🌐 [BROWSER LOG]: [usePerformance] === HOOK RESULT READY ===
🌐 [BROWSER LOG]: [PortfolioChart] 🔄 Performance hook state:
🌐 [BROWSER LOG]: [PortfolioChart] - Loading: false
🌐 [BROWSER LOG]: [PortfolioChart] - Error: false
🌐 [BROWSER LOG]: [PortfolioChart] - Success: true
🌐 [BROWSER LOG]: [PortfolioChart] - Has data: true
🌐 [BROWSER LOG]: [PortfolioChart] - Portfolio points: 366
🌐 [BROWSER LOG]: [PortfolioChart] - Benchmark points: 366
🌐 [BROWSER LOG]: [PortfolioChart] - Has metrics: true
🌐 [BROWSER LOG]: [PortfolioChart] 📊 Processing chart data...
🌐 [BROWSER LOG]: [PortfolioChart] - Display mode: value
🌐 [BROWSER LOG]: [PortfolioChart] - Portfolio data points: 366
🌐 [BROWSER LOG]: [PortfolioChart] - Benchmark data points: 366
🌐 [BROWSER LOG]: [PortfolioChart] 📊 calculatePercentageReturns called with data length: 366
🌐 [BROWSER LOG]: [PortfolioChart] 📊 Initial value for percentage calculation: 7106
🌐 [BROWSER LOG]: [PortfolioChart] 📊 Percentage returns calculated:
🌐 [BROWSER LOG]: [PortfolioChart] - First return: 0
🌐 [BROWSER LOG]: [PortfolioChart] - Last return: 31.76189135941458
🌐 [BROWSER LOG]: [PortfolioChart] - Sample values: [0, 0, 0, 0.267379679144385, 0.3658879819870532]
🌐 [BROWSER LOG]: [PortfolioChart] 📊 calculatePercentageReturns called with data length: 366
🌐 [BROWSER LOG]: [PortfolioChart] 📊 Initial value for percentage calculation: 7106
🌐 [BROWSER LOG]: [PortfolioChart] 📊 Percentage returns calculated:
🌐 [BROWSER LOG]: [PortfolioChart] - First return: 0
🌐 [BROWSER LOG]: [PortfolioChart] - Last return: 12.747007067647488
🌐 [BROWSER LOG]: [PortfolioChart] - Sample values: [0, 0, 0, 0.11539016298860645, 0.2127506130102443]
🌐 [BROWSER LOG]: [PortfolioChart] 📈 Calculated percentage returns:
🌐 [BROWSER LOG]: [PortfolioChart] - Portfolio data length: 366
🌐 [BROWSER LOG]: [PortfolioChart] - Benchmark data length: 366
🌐 [BROWSER LOG]: [PortfolioChart] - Portfolio percent returns length: 366
🌐 [BROWSER LOG]: [PortfolioChart] - Benchmark percent returns length: 366
🌐 [BROWSER LOG]: [PortfolioChart] - Portfolio final return: 31.76189135941458
🌐 [BROWSER LOG]: [PortfolioChart] - Benchmark final return: 12.747007067647488
🌐 [BROWSER LOG]: [PortfolioChart] 📊 Portfolio data sample: [Object, Object, Object]
🌐 [BROWSER LOG]: [PortfolioChart] 📊 Portfolio first value: 7106
🌐 [BROWSER LOG]: [PortfolioChart] 📊 Portfolio last value: 9363
🌐 [BROWSER LOG]: [PortfolioChart] 📊 Benchmark data sample: [Object, Object, Object]
🌐 [BROWSER LOG]: [PortfolioChart] 📊 Benchmark first value: 7106
🌐 [BROWSER LOG]: [PortfolioChart] 📊 Benchmark last value: 8011.80232222703
🌐 [BROWSER LOG]: [PortfolioChart] 🎨 Rendering component...
🌐 [BROWSER LOG]: [PortfolioChart] 📊 Creating plot data...
🌐 [BROWSER LOG]: [PortfolioChart] - Display mode: value
🌐 [BROWSER LOG]: [PortfolioChart] - Portfolio data points: 366
🌐 [BROWSER LOG]: [PortfolioChart] - Benchmark data points: 366
🌐 [BROWSER LOG]: [PortfolioChart] 📊 Portfolio trace data:
🌐 [BROWSER LOG]: [PortfolioChart] - X points: 366
🌐 [BROWSER LOG]: [PortfolioChart] - Y points: 366
🌐 [BROWSER LOG]: [PortfolioChart] - Y sample: [7106, 7106, 7106, 7125, 7132]
🌐 [BROWSER LOG]: [PortfolioChart] 📊 Benchmark trace data:
🌐 [BROWSER LOG]: [PortfolioChart] - X points: 366
🌐 [BROWSER LOG]: [PortfolioChart] - Y points: 366
🌐 [BROWSER LOG]: [PortfolioChart] - Y sample: [7106, 7106, 7106, 7114.19962498197, 7121.118058560508]
🌐 [BROWSER LOG]: [PortfolioChart] - Benchmark visible: true
🌐 [BROWSER LOG]: [PortfolioChart] ✅ Portfolio trace added to chart
🌐 [BROWSER LOG]: [PortfolioChart] ✅ Benchmark trace added to chart
🌐 [BROWSER LOG]: [PortfolioChart] 📊 Final traces count: 2
🌐 [BROWSER LOG]: [PortfolioChart] 📊 Traces summary: [Object, Object]
🌐 [BROWSER LOG]: [PortfolioChart] === ENHANCED PORTFOLIO CHART START ===
🌐 [BROWSER LOG]: [PortfolioChart] Component mounting with props: {defaultRange: 1Y, defaultBenchmark: SPY}
🌐 [BROWSER LOG]: [PortfolioChart] Timestamp: 2025-07-05T09:03:48.106Z
🌐 [BROWSER LOG]: [PortfolioChart] 📊 Component state:
🌐 [BROWSER LOG]: [PortfolioChart] - Selected range: 1Y
🌐 [BROWSER LOG]: [PortfolioChart] - Selected benchmark: SPY
🌐 [BROWSER LOG]: [PortfolioChart] - Display mode: value
🌐 [BROWSER LOG]: [usePerformance] 🚀 Hook called with: {range: 1Y, benchmark: SPY, options: Object}
🌐 [BROWSER LOG]: [usePerformance] 🔐 Authentication status:
🌐 [BROWSER LOG]: [usePerformance] - User present: true
🌐 [BROWSER LOG]: [usePerformance] - User ID: 28eff71a-87bd-433f-bd6c-8701801e2261
🌐 [BROWSER LOG]: [usePerformance] - User email: 3200163@proton.me
🌐 [BROWSER LOG]: [usePerformance] ✅ Input validation passed
🌐 [BROWSER LOG]: [usePerformance] 📋 Query configuration:
🌐 [BROWSER LOG]: [usePerformance] - Enabled: true
🌐 [BROWSER LOG]: [usePerformance] - Stale time: 300000ms
🌐 [BROWSER LOG]: [usePerformance] - Refetch on focus: false
🌐 [BROWSER LOG]: [usePerformance] - Retry attempts: 3
🌐 [BROWSER LOG]: [usePerformance] 📊 Query state:
🌐 [BROWSER LOG]: [usePerformance] - isLoading: false
🌐 [BROWSER LOG]: [usePerformance] - isError: false
🌐 [BROWSER LOG]: [usePerformance] - isSuccess: true
🌐 [BROWSER LOG]: [usePerformance] - hasData: true
🌐 [BROWSER LOG]: [usePerformance] - error: undefined
🌐 [BROWSER LOG]: [usePerformance] 📈 Processed data:
🌐 [BROWSER LOG]: [usePerformance] - Portfolio data points: 366
🌐 [BROWSER LOG]: [usePerformance] - Benchmark data points: 366
🌐 [BROWSER LOG]: [usePerformance] - Has metrics: true
🌐 [BROWSER LOG]: [usePerformance] - Portfolio sample data: [Object, Object, Object]
🌐 [BROWSER LOG]: [usePerformance] - Portfolio final value: 9363
🌐 [BROWSER LOG]: [usePerformance] - Benchmark sample data: [Object, Object, Object]
🌐 [BROWSER LOG]: [usePerformance] - Benchmark final value: 8011.80232222703
🌐 [BROWSER LOG]: [usePerformance] === HOOK RESULT READY ===
🌐 [BROWSER LOG]: [PortfolioChart] 🔄 Performance hook state:
🌐 [BROWSER LOG]: [PortfolioChart] - Loading: false
🌐 [BROWSER LOG]: [PortfolioChart] - Error: false
🌐 [BROWSER LOG]: [PortfolioChart] - Success: true
🌐 [BROWSER LOG]: [PortfolioChart] - Has data: true
🌐 [BROWSER LOG]: [PortfolioChart] - Portfolio points: 366
🌐 [BROWSER LOG]: [PortfolioChart] - Benchmark points: 366
🌐 [BROWSER LOG]: [PortfolioChart] - Has metrics: true
🌐 [BROWSER LOG]: [PortfolioChart] 📊 Processing chart data...
🌐 [BROWSER LOG]: [PortfolioChart] - Display mode: value
🌐 [BROWSER LOG]: [PortfolioChart] - Portfolio data points: 366
🌐 [BROWSER LOG]: [PortfolioChart] - Benchmark data points: 366
🌐 [BROWSER LOG]: [PortfolioChart] 📊 calculatePercentageReturns called with data length: 366
🌐 [BROWSER LOG]: [PortfolioChart] 📊 Initial value for percentage calculation: 7106
🌐 [BROWSER LOG]: [PortfolioChart] 📊 Percentage returns calculated:
🌐 [BROWSER LOG]: [PortfolioChart] - First return: 0
🌐 [BROWSER LOG]: [PortfolioChart] - Last return: 31.76189135941458
🌐 [BROWSER LOG]: [PortfolioChart] - Sample values: [0, 0, 0, 0.267379679144385, 0.3658879819870532]
🌐 [BROWSER LOG]: [PortfolioChart] 📊 calculatePercentageReturns called with data length: 366
🌐 [BROWSER LOG]: [PortfolioChart] 📊 Initial value for percentage calculation: 7106
🌐 [BROWSER LOG]: [PortfolioChart] 📊 Percentage returns calculated:
🌐 [BROWSER LOG]: [PortfolioChart] - First return: 0
🌐 [BROWSER LOG]: [PortfolioChart] - Last return: 12.747007067647488
🌐 [BROWSER LOG]: [PortfolioChart] - Sample values: [0, 0, 0, 0.11539016298860645, 0.2127506130102443]
🌐 [BROWSER LOG]: [PortfolioChart] 📈 Calculated percentage returns:
🌐 [BROWSER LOG]: [PortfolioChart] - Portfolio data length: 366
🌐 [BROWSER LOG]: [PortfolioChart] - Benchmark data length: 366
🌐 [BROWSER LOG]: [PortfolioChart] - Portfolio percent returns length: 366
🌐 [BROWSER LOG]: [PortfolioChart] - Benchmark percent returns length: 366
🌐 [BROWSER LOG]: [PortfolioChart] - Portfolio final return: 31.76189135941458
🌐 [BROWSER LOG]: [PortfolioChart] - Benchmark final return: 12.747007067647488
🌐 [BROWSER LOG]: [PortfolioChart] 📊 Portfolio data sample: [Object, Object, Object]
🌐 [BROWSER LOG]: [PortfolioChart] 📊 Portfolio first value: 7106
🌐 [BROWSER LOG]: [PortfolioChart] 📊 Portfolio last value: 9363
🌐 [BROWSER LOG]: [PortfolioChart] 📊 Benchmark data sample: [Object, Object, Object]
🌐 [BROWSER LOG]: [PortfolioChart] 📊 Benchmark first value: 7106
🌐 [BROWSER LOG]: [PortfolioChart] 📊 Benchmark last value: 8011.80232222703
🌐 [BROWSER LOG]: [PortfolioChart] 🎨 Rendering component...
🌐 [BROWSER LOG]: [PortfolioChart] 📊 Creating plot data...
🌐 [BROWSER LOG]: [PortfolioChart] - Display mode: value
🌐 [BROWSER LOG]: [PortfolioChart] - Portfolio data points: 366
🌐 [BROWSER LOG]: [PortfolioChart] - Benchmark data points: 366
🌐 [BROWSER LOG]: [PortfolioChart] 📊 Portfolio trace data:
🌐 [BROWSER LOG]: [PortfolioChart] - X points: 366
🌐 [BROWSER LOG]: [PortfolioChart] - Y points: 366
🌐 [BROWSER LOG]: [PortfolioChart] - Y sample: [7106, 7106, 7106, 7125, 7132]
🌐 [BROWSER LOG]: [PortfolioChart] 📊 Benchmark trace data:
🌐 [BROWSER LOG]: [PortfolioChart] - X points: 366
🌐 [BROWSER LOG]: [PortfolioChart] - Y points: 366
🌐 [BROWSER LOG]: [PortfolioChart] - Y sample: [7106, 7106, 7106, 7114.19962498197, 7121.118058560508]
🌐 [BROWSER LOG]: [PortfolioChart] - Benchmark visible: true
🌐 [BROWSER LOG]: [PortfolioChart] ✅ Portfolio trace added to chart
🌐 [BROWSER LOG]: [PortfolioChart] ✅ Benchmark trace added to chart
🌐 [BROWSER LOG]: [PortfolioChart] 📊 Final traces count: 2
🌐 [BROWSER LOG]: [PortfolioChart] 📊 Traces summary: [Object, Object]
🌐 [BROWSER LOG]: [GainLossCard] Items for gainers: []
🌐 [BROWSER LOG]: [GainLossCard] Number of items for gainers: 0
🌐 [BROWSER LOG]: [GainLossCard] Items for gainers: []
🌐 [BROWSER LOG]: [GainLossCard] Number of items for gainers: 0
🌐 [BROWSER LOG]: [GainLossCard] Items for losers: []
🌐 [BROWSER LOG]: [GainLossCard] Number of items for losers: 0
🌐 [BROWSER LOG]: [GainLossCard] Items for losers: []
🌐 [BROWSER LOG]: [GainLossCard] Number of items for losers: 0
🌐 [BROWSER ERROR]: ./src/components/StockSearchInput.tsx
Error:   x Unexpected eof
     ,-[/app/src/components/StockSearchInput.tsx:245:1]
 242 |       )}
 243 |     </div>
 244 |   );
 245 | } 
     `----

Caused by:
    Syntax Error

Import trace for requested module:
./src/components/StockSearchInput.tsx
./src/app/research/page.tsx
🌐 [BROWSER ERROR]: ./src/components/StockSearchInput.tsx
Error:   x Unexpected eof
     ,-[/app/src/components/StockSearchInput.tsx:245:1]
 242 |       )}
 243 |     </div>
 244 |   );
 245 | } 
     `----

Caused by:
    Syntax Error

Import trace for requested module:
./src/components/StockSearchInput.tsx
./src/app/research/page.tsx
🌐 [BROWSER ERROR]: ./src/components/StockSearchInput.tsx
Error:   x Unexpected eof
     ,-[/app/src/components/StockSearchInput.tsx:245:1]
 242 |       )}
 243 |     </div>
 244 |   );
 245 | } 
     `----

Caused by:
    Syntax Error

Import trace for requested module:
./src/components/StockSearchInput.tsx
./src/app/research/page.tsx
🌐 [BROWSER ERROR]: ./src/components/StockSearchInput.tsx
Error:   x Unexpected eof
     ,-[/app/src/components/StockSearchInput.tsx:245:1]
 242 |       )}
 243 |     </div>
 244 |   );
 245 | } 
     `----

Caused by:
    Syntax Error

Import trace for requested module:
./src/components/StockSearchInput.tsx
./src/app/research/page.tsx
🌐 [BROWSER ERROR]: ./src/components/StockSearchInput.tsx
Error:   x Unexpected eof
     ,-[/app/src/components/StockSearchInput.tsx:245:1]
 242 |       )}
 243 |     </div>
 244 |   );
 245 | } 
     `----

Caused by:
    Syntax Error

Import trace for requested module:
./src/components/StockSearchInput.tsx
./src/app/research/page.tsx
🌐 [BROWSER ERROR]: ./src/components/StockSearchInput.tsx
Error:   x Unexpected eof
     ,-[/app/src/components/StockSearchInput.tsx:245:1]
 242 |       )}
 243 |     </div>
 244 |   );
 245 | } 
     `----

Caused by:
    Syntax Error

Import trace for requested module:
./src/components/StockSearchInput.tsx
./src/app/research/page.tsx
🌐 [BROWSER ERROR]: ./src/components/StockSearchInput.tsx
Error:   x Unexpected eof
     ,-[/app/src/components/StockSearchInput.tsx:245:1]
 242 |       )}
 243 |     </div>
 244 |   );
 245 | } 
     `----

Caused by:
    Syntax Error

Import trace for requested module:
./src/components/StockSearchInput.tsx
./src/app/research/page.tsx
🌐 [BROWSER ERROR]: Failed to load resource: the server responded with a status of 500 (Internal Server Error)
🌐 [BROWSER INFO]: %cDownload the React DevTools for a better development experience: https://reactjs.org/link/react-devtools font-weight:bold
🌐 [BROWSER LOG]: [HMR] connected
🌐 [BROWSER ERROR]: ./src/components/StockSearchInput.tsx
Error:   x Unexpected eof
     ,-[/app/src/components/StockSearchInput.tsx:245:1]
 242 |       )}
 243 |     </div>
 244 |   );
 245 | } 
     `----

Caused by:
    Syntax Error
🔍 Typing "AAPL" in search bar...

[[ATTACHMENT|artifacts\research-tabs-debug-Resear-8980d-ll-research-tabs-with-debug-chromium\test-failed-1.png]]

[[ATTACHMENT|artifacts\research-tabs-debug-Resear-8980d-ll-research-tabs-with-debug-chromium\video.webm]]

[[ATTACHMENT|artifacts\research-tabs-debug-Resear-8980d-ll-research-tabs-with-debug-chromium\error-context.md]]
🚀 Navigating to /auth...
🌐 [BROWSER ERROR]: Failed to load resource: the server responded with a status of 500 (Internal Server Error)
🌐 [BROWSER INFO]: %cDownload the React DevTools for a better development experience: https://reactjs.org/link/react-devtools font-weight:bold
🌐 [BROWSER LOG]: [HMR] connected
🌐 [BROWSER ERROR]: ./src/components/StockSearchInput.tsx
Error:   x Unexpected eof
     ,-[/app/src/components/StockSearchInput.tsx:245:1]
 242 |       )}
 243 |     </div>
 244 |   );
 245 | } 
     `----

Caused by:
    Syntax Error

[[ATTACHMENT|artifacts\research-tabs-debug-Resear-8980d-ll-research-tabs-with-debug-chromium-retry1\test-failed-1.png]]

[[ATTACHMENT|artifacts\research-tabs-debug-Resear-8980d-ll-research-tabs-with-debug-chromium-retry1\video.webm]]

[[ATTACHMENT|artifacts\research-tabs-debug-Resear-8980d-ll-research-tabs-with-debug-chromium-retry1\error-context.md]]

[[ATTACHMENT|artifacts\research-tabs-debug-Resear-8980d-ll-research-tabs-with-debug-chromium-retry1\trace.zip]]
]]>
</system-out>
<system-err>
<![CDATA[❌ [PAGE ERROR]: Module build failed (from ./node_modules/next/dist/build/webpack/loaders/next-swc-loader.js):
Error:   x Unexpected eof
     ,-[/app/src/components/StockSearchInput.tsx:245:1]
 242 |       )}
 243 |     </div>
 244 |   );
 245 | } 
     `----


Caused by:
    Syntax Error
❌ [PAGE ERROR]: Module build failed (from ./node_modules/next/dist/build/webpack/loaders/next-swc-loader.js):
Error:   x Unexpected eof
     ,-[/app/src/components/StockSearchInput.tsx:245:1]
 242 |       )}
 243 |     </div>
 244 |   );
 245 | } 
     `----


Caused by:
    Syntax Error
]]>
</system-err>
</testcase>
</testsuite>
<testsuite name="research-tabs-debug.spec.ts" timestamp="2025-07-05T09:03:24.444Z" hostname="Google Chrome" tests="1" failures="1" skipped="0" time="35.907" errors="0">
<testcase name="Research Page Tabs Debug E2E › Login, search AAPL, view all research tabs with debug" classname="research-tabs-debug.spec.ts" time="35.907">
<failure message="research-tabs-debug.spec.ts:9:7 Login, search AAPL, view all research tabs with debug" type="FAILURE">
<![CDATA[  [Google Chrome] › research-tabs-debug.spec.ts:9:7 › Research Page Tabs Debug E2E › Login, search AAPL, view all research tabs with debug 

    TimeoutError: page.fill: Timeout 15000ms exceeded.
    Call log:
      - waiting for locator('input[type="email"]')


      22 |     await page.screenshot({ path: 'test-results/research-01-auth.png', fullPage: true });
      23 |
    > 24 |     await page.fill('input[type="email"]', EMAIL);
         |                ^
      25 |     await page.fill('input[type="password"]', PASSWORD);
      26 |     await page.screenshot({ path: 'test-results/research-02-login-filled.png', fullPage: true });
      27 |     await page.click('button[type="submit"]');
        at C:\Users\mike2\Documents\portfolio-tracker\e2e_test_suite\tests\research-tabs-debug.spec.ts:24:16

    attachment #1: screenshot (image/png) ──────────────────────────────────────────────────────────
    test-results\artifacts\research-tabs-debug-Resear-8980d-ll-research-tabs-with-debug-Google-Chrome\test-failed-1.png
    ────────────────────────────────────────────────────────────────────────────────────────────────

    attachment #2: video (video/webm) ──────────────────────────────────────────────────────────────
    test-results\artifacts\research-tabs-debug-Resear-8980d-ll-research-tabs-with-debug-Google-Chrome\video.webm
    ────────────────────────────────────────────────────────────────────────────────────────────────

    Error Context: ..\test-results\artifacts\research-tabs-debug-Resear-8980d-ll-research-tabs-with-debug-Google-Chrome\error-context.md

    Retry #1 ───────────────────────────────────────────────────────────────────────────────────────

    TimeoutError: page.fill: Timeout 15000ms exceeded.
    Call log:
      - waiting for locator('input[type="email"]')


      22 |     await page.screenshot({ path: 'test-results/research-01-auth.png', fullPage: true });
      23 |
    > 24 |     await page.fill('input[type="email"]', EMAIL);
         |                ^
      25 |     await page.fill('input[type="password"]', PASSWORD);
      26 |     await page.screenshot({ path: 'test-results/research-02-login-filled.png', fullPage: true });
      27 |     await page.click('button[type="submit"]');
        at C:\Users\mike2\Documents\portfolio-tracker\e2e_test_suite\tests\research-tabs-debug.spec.ts:24:16

    attachment #1: screenshot (image/png) ──────────────────────────────────────────────────────────
    test-results\artifacts\research-tabs-debug-Resear-8980d-ll-research-tabs-with-debug-Google-Chrome-retry1\test-failed-1.png
    ────────────────────────────────────────────────────────────────────────────────────────────────

    attachment #2: video (video/webm) ──────────────────────────────────────────────────────────────
    test-results\artifacts\research-tabs-debug-Resear-8980d-ll-research-tabs-with-debug-Google-Chrome-retry1\video.webm
    ────────────────────────────────────────────────────────────────────────────────────────────────

    Error Context: ..\test-results\artifacts\research-tabs-debug-Resear-8980d-ll-research-tabs-with-debug-Google-Chrome-retry1\error-context.md

    attachment #4: trace (application/zip) ─────────────────────────────────────────────────────────
    test-results\artifacts\research-tabs-debug-Resear-8980d-ll-research-tabs-with-debug-Google-Chrome-retry1\trace.zip
    Usage:

        npx playwright show-trace test-results\artifacts\research-tabs-debug-Resear-8980d-ll-research-tabs-with-debug-Google-Chrome-retry1\trace.zip

    ────────────────────────────────────────────────────────────────────────────────────────────────
]]>
</failure>
<system-out>
<![CDATA[🚀 Navigating to /auth...
🌐 [BROWSER ERROR]: Failed to load resource: the server responded with a status of 500 (Internal Server Error)
🌐 [BROWSER INFO]: %cDownload the React DevTools for a better development experience: https://reactjs.org/link/react-devtools font-weight:bold
🌐 [BROWSER LOG]: [HMR] connected
🌐 [BROWSER ERROR]: ./src/components/StockSearchInput.tsx
Error:   x Unexpected eof
     ,-[/app/src/components/StockSearchInput.tsx:245:1]
 242 |       )}
 243 |     </div>
 244 |   );
 245 | } 
     `----

Caused by:
    Syntax Error
🌐 [BROWSER ERROR]: Failed to load resource: the server responded with a status of 404 (Not Found)

[[ATTACHMENT|artifacts\research-tabs-debug-Resear-8980d-ll-research-tabs-with-debug-Google-Chrome\test-failed-1.png]]

[[ATTACHMENT|artifacts\research-tabs-debug-Resear-8980d-ll-research-tabs-with-debug-Google-Chrome\video.webm]]

[[ATTACHMENT|artifacts\research-tabs-debug-Resear-8980d-ll-research-tabs-with-debug-Google-Chrome\error-context.md]]
🚀 Navigating to /auth...
🌐 [BROWSER ERROR]: Failed to load resource: the server responded with a status of 500 (Internal Server Error)
🌐 [BROWSER INFO]: %cDownload the React DevTools for a better development experience: https://reactjs.org/link/react-devtools font-weight:bold
🌐 [BROWSER LOG]: [HMR] connected
🌐 [BROWSER ERROR]: ./src/components/StockSearchInput.tsx
Error:   x Unexpected eof
     ,-[/app/src/components/StockSearchInput.tsx:245:1]
 242 |       )}
 243 |     </div>
 244 |   );
 245 | } 
     `----

Caused by:
    Syntax Error
🌐 [BROWSER ERROR]: Failed to load resource: the server responded with a status of 404 (Not Found)

[[ATTACHMENT|artifacts\research-tabs-debug-Resear-8980d-ll-research-tabs-with-debug-Google-Chrome-retry1\test-failed-1.png]]

[[ATTACHMENT|artifacts\research-tabs-debug-Resear-8980d-ll-research-tabs-with-debug-Google-Chrome-retry1\video.webm]]

[[ATTACHMENT|artifacts\research-tabs-debug-Resear-8980d-ll-research-tabs-with-debug-Google-Chrome-retry1\error-context.md]]

[[ATTACHMENT|artifacts\research-tabs-debug-Resear-8980d-ll-research-tabs-with-debug-Google-Chrome-retry1\trace.zip]]
]]>
</system-out>
<system-err>
<![CDATA[❌ [PAGE ERROR]: Module build failed (from ./node_modules/next/dist/build/webpack/loaders/next-swc-loader.js):
Error:   x Unexpected eof
     ,-[/app/src/components/StockSearchInput.tsx:245:1]
 242 |       )}
 243 |     </div>
 244 |   );
 245 | } 
     `----


Caused by:
    Syntax Error
❌ [PAGE ERROR]: Module build failed (from ./node_modules/next/dist/build/webpack/loaders/next-swc-loader.js):
Error:   x Unexpected eof
     ,-[/app/src/components/StockSearchInput.tsx:245:1]
 242 |       )}
 243 |     </div>
 244 |   );
 245 | } 
     `----


Caused by:
    Syntax Error
]]>
</system-err>
</testcase>
</testsuite>
</testsuites>