{
  "timestamp": "2025-08-01T20:30:45.898862",
  "typescript_coverage": 60,
  "python_type_errors": 636,
  "security_violations": [
    "Raw SQL f-string in backend\\backend_api_routes\\backend_api_watchlist.py:286",
    "Raw SQL f-string in backend\\services\\dividend_service.py:1784",
    "Float/int in financial calculation: backend\\services\\feature_flag_service.py:452",
    "Raw SQL f-string in backend\\services\\index_sim_service.py:112",
    "Raw SQL f-string in backend\\services\\index_sim_service.py:114",
    "Raw SQL f-string in backend\\services\\index_sim_service.py:129",
    "SQL concatenation in backend\\services\\price_manager.py:1197",
    "SQL concatenation in backend\\services\\price_manager.py:1313",
    "Raw SQL f-string in backend\\supa_api\\supa_api_transactions.py:155"
  ],
  "code_duplication_percent": 1.0,
  "bundle_size_kb": 3981.861328125,
  "load_time_ms": 39818,
  "status": "FAIL",
  "details": {
    "typescript_issues": [
      "'any' type found in frontend\\src\\components\\charts\\ApexChart.tsx",
      "'any' type found in frontend\\src\\components\\charts\\PriceChartApex.tsx",
      "'any' type found in frontend\\src\\components\\charts\\StockChart.tsx",
      "'any' type found in frontend\\src\\app\\portfolio\\portfolio.test.tsx",
      "'any' type found in frontend\\src\\app\\portfolio\\components\\AllocationCharts.tsx",
      "'any' type found in frontend\\src\\app\\dashboard\\components\\GainLossCard.tsx",
      "'any' type found in frontend\\src\\app\\dashboard\\components\\KPICard.tsx",
      "'any' type found in frontend\\src\\app\\analytics\\components\\AnalyticsDividendsTabRefactored.tsx"
    ],
    "python_issues": [
      "backend\\config.py:6: error: Cannot find implementation or library stub for module named \"dotenv\"  [import-not-found]",
      "backend\\utils\\exceptions.py:7: error: Cannot find implementation or library stub for module named \"fastapi\"  [import-not-found]",
      "backend\\utils\\exceptions.py:9: error: Cannot find implementation or library stub for module named \"pydantic\"  [import-not-found]",
      "backend\\utils\\exceptions.py:12: error: Class cannot subclass \"BaseModel\" (has type \"Any\")  [misc]",
      "backend\\utils\\exceptions.py:20: error: Class cannot subclass \"HTTPException\" (has type \"Any\")  [misc]",
      "backend\\utils\\exceptions.py:31: error: Incompatible default for argument \"details\" (default has type \"None\", argument has type \"dict[str, Any]\")  [assignment]",
      "backend\\utils\\exceptions.py:128: error: Incompatible types in assignment (expression has type \"str\", target has type \"bool\")  [assignment]",
      "backend\\utils\\exceptions.py:276: error: Incompatible default for argument \"context\" (default has type \"None\", argument has type \"dict[str, Any]\")  [assignment]",
      "backend\\utils\\exceptions.py:287: error: Incompatible types in assignment (expression has type \"dict[str, Any]\", target has type \"str\")  [assignment]",
      "backend\\utils\\auth_helpers.py:5: error: Cannot find implementation or library stub for module named \"fastapi\"  [import-not-found]"
    ],
    "security_counts": {
      "raw_sql": 6,
      "float_in_financial": 1,
      "sql_injection_risk": 2,
      "unsafe_cors": 0
    },
    "duplication_issues": [
      "Potential duplicate JSX in page.tsx",
      "Potential duplicate JSX in page.tsx"
    ],
    "performance_issues": [
      "Bundle size 3982KB exceeds limit of 500KB",
      "Estimated load time 39818ms exceeds 2000ms"
    ],
    "total_issues": 31
  }
}