<?xml version="1.0" encoding="UTF-8"?>
<testsuite name="QualityGate" tests="7" failures="1" errors="0" time="0">

    <testcase classname="QualityGate" name="TypeScript Coverage">
      <failure message="Coverage 0.0% below threshold 98.0%" type="QualityViolation">
        Coverage 0.0% below threshold 98.0%
      </failure>
    </testcase>
    <testcase classname="QualityGate" name="Python Type Safety" />
    <testcase classname="QualityGate" name="Any Type Usage" />
    <testcase classname="QualityGate" name="Security Violations" />
    <testcase classname="QualityGate" name="Code Duplication" />
    <testcase classname="QualityGate" name="Bundle Size" />
    <testcase classname="QualityGate" name="Load Time" />
</testsuite>